
Start-Date: 2025-04-04  02:06:07
Commandline: apt-get install --reinstall adduser
Reinstall: adduser:arm64 (3.118ubuntu2)
End-Date: 2025-04-04  02:06:08

Start-Date: 2025-04-04  02:06:11
Commandline: apt-get install --reinstall apt
Reinstall: apt:arm64 (2.0.2)
End-Date: 2025-04-04  02:06:12

Start-Date: 2025-04-04  02:06:14
Commandline: apt-get install --reinstall base-files
Reinstall: base-files:arm64 (11ubuntu5)
End-Date: 2025-04-04  02:06:16

Start-Date: 2025-04-04  02:06:18
Commandline: apt-get install --reinstall base-passwd
Reinstall: base-passwd:arm64 (3.5.47)
End-Date: 2025-04-04  02:06:19

Start-Date: 2025-04-04  02:06:22
Commandline: apt-get install --reinstall bash
Reinstall: bash:arm64 (5.0-6ubuntu1)
End-Date: 2025-04-04  02:06:23

Start-Date: 2025-04-04  02:06:26
Commandline: apt-get install --reinstall bsdutils
Reinstall: bsdutils:arm64 (1:2.34-0.1ubuntu9)
End-Date: 2025-04-04  02:06:27

Start-Date: 2025-04-04  02:06:29
Commandline: apt-get install --reinstall bzip2
Reinstall: bzip2:arm64 (1.0.8-2)
End-Date: 2025-04-04  02:06:30

Start-Date: 2025-04-04  02:06:33
Commandline: apt-get install --reinstall coreutils
Reinstall: coreutils:arm64 (8.30-3ubuntu2)
End-Date: 2025-04-04  02:06:35

Start-Date: 2025-04-04  02:06:37
Commandline: apt-get install --reinstall dash
Reinstall: dash:arm64 (0.5.10.2-6)
End-Date: 2025-04-04  02:06:38

Start-Date: 2025-04-04  02:06:40
Commandline: apt-get install --reinstall debconf
Reinstall: debconf:arm64 (1.5.73)
End-Date: 2025-04-04  02:06:41

Start-Date: 2025-04-04  02:06:44
Commandline: apt-get install --reinstall debianutils
Reinstall: debianutils:arm64 (4.9.1)
End-Date: 2025-04-04  02:06:45

Start-Date: 2025-04-04  02:06:47
Commandline: apt-get install --reinstall diffutils
Reinstall: diffutils:arm64 (1:3.7-3)
End-Date: 2025-04-04  02:06:48

Start-Date: 2025-04-04  02:06:52
Commandline: apt-get install --reinstall dpkg
Reinstall: dpkg:arm64 (1.19.7ubuntu3)
End-Date: 2025-04-04  02:06:53

Start-Date: 2025-04-04  02:06:55
Commandline: apt-get install --reinstall e2fsprogs
Reinstall: e2fsprogs:arm64 (1.45.5-2ubuntu1)
End-Date: 2025-04-04  02:06:56

Start-Date: 2025-04-04  02:06:59
Commandline: apt-get install --reinstall fdisk
Reinstall: fdisk:arm64 (2.34-0.1ubuntu9)
End-Date: 2025-04-04  02:06:59

Start-Date: 2025-04-04  02:07:02
Commandline: apt-get install --reinstall findutils
Reinstall: findutils:arm64 (4.7.0-1ubuntu1)
End-Date: 2025-04-04  02:07:03

Start-Date: 2025-04-04  02:07:05
Commandline: apt-get install --reinstall gcc-10-base:arm64
Reinstall: gcc-10-base:arm64 (10-20200411-0ubuntu1)
End-Date: 2025-04-04  02:07:06

Start-Date: 2025-04-04  02:07:08
Commandline: apt-get install --reinstall gpgv
Reinstall: gpgv:arm64 (2.2.19-3ubuntu2)
End-Date: 2025-04-04  02:07:09

Start-Date: 2025-04-04  02:07:12
Commandline: apt-get install --reinstall grep
Reinstall: grep:arm64 (3.4-1)
End-Date: 2025-04-04  02:07:13

Start-Date: 2025-04-04  02:07:15
Commandline: apt-get install --reinstall gzip
Reinstall: gzip:arm64 (1.10-0ubuntu4)
End-Date: 2025-04-04  02:07:16

Start-Date: 2025-04-04  02:07:18
Commandline: apt-get install --reinstall hostname
Reinstall: hostname:arm64 (3.23)
End-Date: 2025-04-04  02:07:19

Start-Date: 2025-04-04  02:07:21
Commandline: apt-get install --reinstall init-system-helpers
Reinstall: init-system-helpers:arm64 (1.57)
End-Date: 2025-04-04  02:07:22

Start-Date: 2025-04-04  02:07:24
Commandline: apt-get install --reinstall libacl1:arm64
Reinstall: libacl1:arm64 (2.2.53-6)
End-Date: 2025-04-04  02:07:25

Start-Date: 2025-04-04  02:07:28
Commandline: apt-get install --reinstall libapt-pkg6.0:arm64
Reinstall: libapt-pkg6.0:arm64 (2.0.2)
End-Date: 2025-04-04  02:07:29

Start-Date: 2025-04-04  02:07:31
Commandline: apt-get install --reinstall libattr1:arm64
Reinstall: libattr1:arm64 (1:2.4.48-5)
End-Date: 2025-04-04  02:07:32

Start-Date: 2025-04-04  02:07:34
Commandline: apt-get install --reinstall libaudit-common
Reinstall: libaudit-common:arm64 (1:2.8.5-2ubuntu6)
End-Date: 2025-04-04  02:07:35

Start-Date: 2025-04-04  02:07:38
Commandline: apt-get install --reinstall libaudit1:arm64
Reinstall: libaudit1:arm64 (1:2.8.5-2ubuntu6)
End-Date: 2025-04-04  02:07:39

Start-Date: 2025-04-04  02:07:41
Commandline: apt-get install --reinstall libblkid1:arm64
Reinstall: libblkid1:arm64 (2.34-0.1ubuntu9)
End-Date: 2025-04-04  02:07:42

Start-Date: 2025-04-04  02:07:44
Commandline: apt-get install --reinstall libbz2-1.0:arm64
Reinstall: libbz2-1.0:arm64 (1.0.8-2)
End-Date: 2025-04-04  02:07:45

Start-Date: 2025-04-04  02:07:48
Commandline: apt-get install --reinstall libc-bin
Reinstall: libc-bin:arm64 (2.31-0ubuntu9)
End-Date: 2025-04-04  02:07:49

Start-Date: 2025-04-04  02:07:53
Commandline: apt-get install --reinstall libc6:arm64
Reinstall: libc6:arm64 (2.31-0ubuntu9)
End-Date: 2025-04-04  02:07:55

Start-Date: 2025-04-04  02:07:57
Commandline: apt-get install --reinstall libcap-ng0:arm64
Reinstall: libcap-ng0:arm64 (0.7.9-2.1build1)
End-Date: 2025-04-04  02:07:58

Start-Date: 2025-04-04  02:08:00
Commandline: apt-get install --reinstall libcom-err2:arm64
Reinstall: libcom-err2:arm64 (1.45.5-2ubuntu1)
End-Date: 2025-04-04  02:08:01

Start-Date: 2025-04-04  02:08:03
Commandline: apt-get install --reinstall libcrypt1:arm64
Reinstall: libcrypt1:arm64 (1:4.4.10-10ubuntu4)
End-Date: 2025-04-04  02:08:04

Start-Date: 2025-04-04  02:08:07
Commandline: apt-get install --reinstall libdb5.3:arm64
Reinstall: libdb5.3:arm64 (5.3.28+dfsg1-0.6ubuntu2)
End-Date: 2025-04-04  02:08:08

Start-Date: 2025-04-04  02:08:10
Commandline: apt-get install --reinstall libdebconfclient0:arm64
Reinstall: libdebconfclient0:arm64 (0.251ubuntu1)
End-Date: 2025-04-04  02:08:11

Start-Date: 2025-04-04  02:08:13
Commandline: apt-get install --reinstall libext2fs2:arm64
Reinstall: libext2fs2:arm64 (1.45.5-2ubuntu1)
End-Date: 2025-04-04  02:08:14

Start-Date: 2025-04-04  02:08:16
Commandline: apt-get install --reinstall libfdisk1:arm64
Reinstall: libfdisk1:arm64 (2.34-0.1ubuntu9)
End-Date: 2025-04-04  02:08:17

Start-Date: 2025-04-04  02:08:19
Commandline: apt-get install --reinstall libffi7:arm64
Reinstall: libffi7:arm64 (3.3-4)
End-Date: 2025-04-04  02:08:20

Start-Date: 2025-04-04  02:08:22
Commandline: apt-get install --reinstall libgcc-s1:arm64
Reinstall: libgcc-s1:arm64 (10-20200411-0ubuntu1)
End-Date: 2025-04-04  02:08:24

Start-Date: 2025-04-04  02:08:27
Commandline: apt-get install --reinstall libgcrypt20:arm64
Reinstall: libgcrypt20:arm64 (1.8.5-5ubuntu1)
End-Date: 2025-04-04  02:08:28

Start-Date: 2025-04-04  02:08:30
Commandline: apt-get install --reinstall libgmp10:arm64
Reinstall: libgmp10:arm64 (2:6.2.0+dfsg-4)
End-Date: 2025-04-04  02:08:31

Start-Date: 2025-04-04  02:08:34
Commandline: apt-get install --reinstall libgnutls30:arm64
Reinstall: libgnutls30:arm64 (3.6.13-2ubuntu1)
End-Date: 2025-04-04  02:08:35

Start-Date: 2025-04-04  02:08:37
Commandline: apt-get install --reinstall libgpg-error0:arm64
Reinstall: libgpg-error0:arm64 (1.37-1)
End-Date: 2025-04-04  02:08:38

Start-Date: 2025-04-04  02:08:41
Commandline: apt-get install --reinstall libhogweed5:arm64
Reinstall: libhogweed5:arm64 (3.5.1+really3.5.1-2)
End-Date: 2025-04-04  02:08:42

Start-Date: 2025-04-04  02:08:44
Commandline: apt-get install --reinstall libidn2-0:arm64
Reinstall: libidn2-0:arm64 (2.2.0-2)
End-Date: 2025-04-04  02:08:45

Start-Date: 2025-04-04  02:08:47
Commandline: apt-get install --reinstall liblz4-1:arm64
Reinstall: liblz4-1:arm64 (1.9.2-2)
End-Date: 2025-04-04  02:08:48

Start-Date: 2025-04-04  02:08:50
Commandline: apt-get install --reinstall liblzma5:arm64
Reinstall: liblzma5:arm64 (5.2.4-1)
End-Date: 2025-04-04  02:08:51

Start-Date: 2025-04-04  02:08:54
Commandline: apt-get install --reinstall libmount1:arm64
Reinstall: libmount1:arm64 (2.34-0.1ubuntu9)
End-Date: 2025-04-04  02:08:55

Start-Date: 2025-04-04  02:08:57
Commandline: apt-get install --reinstall libncurses6:arm64
Reinstall: libncurses6:arm64 (6.2-0ubuntu2)
End-Date: 2025-04-04  02:08:58

Start-Date: 2025-04-04  02:09:00
Commandline: apt-get install --reinstall libncursesw6:arm64
Reinstall: libncursesw6:arm64 (6.2-0ubuntu2)
End-Date: 2025-04-04  02:09:01

Start-Date: 2025-04-04  02:09:03
Commandline: apt-get install --reinstall libnettle7:arm64
Reinstall: libnettle7:arm64 (3.5.1+really3.5.1-2)
End-Date: 2025-04-04  02:09:04

Start-Date: 2025-04-04  02:09:06
Commandline: apt-get install --reinstall libp11-kit0:arm64
Reinstall: libp11-kit0:arm64 (0.23.20-1build1)
End-Date: 2025-04-04  02:09:07

Start-Date: 2025-04-04  02:09:10
Commandline: apt-get install --reinstall libpam-modules:arm64
Reinstall: libpam-modules:arm64 (1.3.1-5ubuntu4)
End-Date: 2025-04-04  02:09:11

Start-Date: 2025-04-04  02:09:13
Commandline: apt-get install --reinstall libpam-modules-bin
Reinstall: libpam-modules-bin:arm64 (1.3.1-5ubuntu4)
End-Date: 2025-04-04  02:09:14

Start-Date: 2025-04-04  02:09:16
Commandline: apt-get install --reinstall libpam-runtime
Reinstall: libpam-runtime:arm64 (1.3.1-5ubuntu4)
End-Date: 2025-04-04  02:09:17

Start-Date: 2025-04-04  02:09:19
Commandline: apt-get install --reinstall libpam0g:arm64
Reinstall: libpam0g:arm64 (1.3.1-5ubuntu4)
End-Date: 2025-04-04  02:09:21

Start-Date: 2025-04-04  02:09:23
Commandline: apt-get install --reinstall libpcre2-8-0:arm64
Reinstall: libpcre2-8-0:arm64 (10.34-7)
End-Date: 2025-04-04  02:09:24

Start-Date: 2025-04-04  02:09:26
Commandline: apt-get install --reinstall libpcre3:arm64
Reinstall: libpcre3:arm64 (2:8.39-12build1)
End-Date: 2025-04-04  02:09:27

Start-Date: 2025-04-04  02:09:29
Commandline: apt-get install --reinstall libprocps8:arm64
Reinstall: libprocps8:arm64 (2:3.3.16-1ubuntu2)
End-Date: 2025-04-04  02:09:30

Start-Date: 2025-04-04  02:09:32
Commandline: apt-get install --reinstall libseccomp2:arm64
Reinstall: libseccomp2:arm64 (2.4.3-1ubuntu1)
End-Date: 2025-04-04  02:09:33

Start-Date: 2025-04-04  02:09:35
Commandline: apt-get install --reinstall libselinux1:arm64
Reinstall: libselinux1:arm64 (3.0-1build2)
End-Date: 2025-04-04  02:09:36

Start-Date: 2025-04-04  02:09:38
Commandline: apt-get install --reinstall libsemanage-common
Reinstall: libsemanage-common:arm64 (3.0-1build2)
End-Date: 2025-04-04  02:09:39

Start-Date: 2025-04-04  02:09:42
Commandline: apt-get install --reinstall libsemanage1:arm64
Reinstall: libsemanage1:arm64 (3.0-1build2)
End-Date: 2025-04-04  02:09:43

Start-Date: 2025-04-04  02:09:45
Commandline: apt-get install --reinstall libsepol1:arm64
Reinstall: libsepol1:arm64 (3.0-1)
End-Date: 2025-04-04  02:09:46

Start-Date: 2025-04-04  02:09:48
Commandline: apt-get install --reinstall libsmartcols1:arm64
Reinstall: libsmartcols1:arm64 (2.34-0.1ubuntu9)
End-Date: 2025-04-04  02:09:49

Start-Date: 2025-04-04  02:09:51
Commandline: apt-get install --reinstall libss2:arm64
Reinstall: libss2:arm64 (1.45.5-2ubuntu1)
End-Date: 2025-04-04  02:09:52

Start-Date: 2025-04-04  02:09:55
Commandline: apt-get install --reinstall libstdc++6:arm64
Reinstall: libstdc++6:arm64 (10-20200411-0ubuntu1)
End-Date: 2025-04-04  02:09:56

Start-Date: 2025-04-04  02:09:58
Commandline: apt-get install --reinstall libsystemd0:arm64
Reinstall: libsystemd0:arm64 (245.4-4ubuntu3)
End-Date: 2025-04-04  02:09:59

Start-Date: 2025-04-04  02:10:01
Commandline: apt-get install --reinstall libtasn1-6:arm64
Reinstall: libtasn1-6:arm64 (4.16.0-2)
End-Date: 2025-04-04  02:10:02

Start-Date: 2025-04-04  02:10:05
Commandline: apt-get install --reinstall libtinfo6:arm64
Reinstall: libtinfo6:arm64 (6.2-0ubuntu2)
End-Date: 2025-04-04  02:10:06

Start-Date: 2025-04-04  02:10:08
Commandline: apt-get install --reinstall libudev1:arm64
Reinstall: libudev1:arm64 (245.4-4ubuntu3)
End-Date: 2025-04-04  02:10:09

Start-Date: 2025-04-04  02:10:11
Commandline: apt-get install --reinstall libunistring2:arm64
Reinstall: libunistring2:arm64 (0.9.10-2)
End-Date: 2025-04-04  02:10:12

Start-Date: 2025-04-04  02:10:14
Commandline: apt-get install --reinstall libuuid1:arm64
Reinstall: libuuid1:arm64 (2.34-0.1ubuntu9)
End-Date: 2025-04-04  02:10:15

Start-Date: 2025-04-04  02:10:18
Commandline: apt-get install --reinstall libzstd1:arm64
Reinstall: libzstd1:arm64 (1.4.4+dfsg-3)
End-Date: 2025-04-04  02:10:19

Start-Date: 2025-04-04  02:10:21
Commandline: apt-get install --reinstall login
Reinstall: login:arm64 (1:4.8.1-1ubuntu5)
End-Date: 2025-04-04  02:10:22

Start-Date: 2025-04-04  02:10:24
Commandline: apt-get install --reinstall logsave
Reinstall: logsave:arm64 (1.45.5-2ubuntu1)
End-Date: 2025-04-04  02:10:25

Start-Date: 2025-04-04  02:10:27
Commandline: apt-get install --reinstall lsb-base
Reinstall: lsb-base:arm64 (11.1.0ubuntu2)
End-Date: 2025-04-04  02:10:28

Start-Date: 2025-04-04  02:10:30
Commandline: apt-get install --reinstall mawk
Reinstall: mawk:arm64 (1.3.4.20200120-2)
End-Date: 2025-04-04  02:10:31

Start-Date: 2025-04-04  02:10:33
Commandline: apt-get install --reinstall mount
Reinstall: mount:arm64 (2.34-0.1ubuntu9)
End-Date: 2025-04-04  02:10:34

Start-Date: 2025-04-04  02:10:36
Commandline: apt-get install --reinstall ncurses-base
Reinstall: ncurses-base:arm64 (6.2-0ubuntu2)
End-Date: 2025-04-04  02:10:37

Start-Date: 2025-04-04  02:10:40
Commandline: apt-get install --reinstall ncurses-bin
Reinstall: ncurses-bin:arm64 (6.2-0ubuntu2)
End-Date: 2025-04-04  02:10:41

Start-Date: 2025-04-04  02:10:44
Commandline: apt-get install --reinstall passwd
Reinstall: passwd:arm64 (1:4.8.1-1ubuntu5)
End-Date: 2025-04-04  02:10:45

Start-Date: 2025-04-04  02:10:49
Commandline: apt-get install --reinstall perl-base
Reinstall: perl-base:arm64 (5.30.0-9build1)
End-Date: 2025-04-04  02:10:50

Start-Date: 2025-04-04  02:10:52
Commandline: apt-get install --reinstall procps
Reinstall: procps:arm64 (2:3.3.16-1ubuntu2)
End-Date: 2025-04-04  02:10:53

Start-Date: 2025-04-04  02:10:55
Commandline: apt-get install --reinstall sed
Reinstall: sed:arm64 (4.7-1)
End-Date: 2025-04-04  02:10:56

Start-Date: 2025-04-04  02:10:59
Commandline: apt-get install --reinstall sensible-utils
Reinstall: sensible-utils:arm64 (0.0.12+nmu1)
End-Date: 2025-04-04  02:10:59

Start-Date: 2025-04-04  02:11:01
Commandline: apt-get install --reinstall sysvinit-utils
Reinstall: sysvinit-utils:arm64 (2.96-2.1ubuntu1)
End-Date: 2025-04-04  02:11:02

Start-Date: 2025-04-04  02:11:05
Commandline: apt-get install --reinstall tar
Reinstall: tar:arm64 (1.30+dfsg-7)
End-Date: 2025-04-04  02:11:06

Start-Date: 2025-04-04  02:11:08
Commandline: apt-get install --reinstall ubuntu-keyring
Reinstall: ubuntu-keyring:arm64 (2020.02.11.2)
End-Date: 2025-04-04  02:11:09

Start-Date: 2025-04-04  02:11:12
Commandline: apt-get install --reinstall util-linux
Reinstall: util-linux:arm64 (2.34-0.1ubuntu9)
End-Date: 2025-04-04  02:11:13

Start-Date: 2025-04-04  02:11:16
Commandline: apt-get install --reinstall zlib1g:arm64
Reinstall: zlib1g:arm64 (1:1.2.11.dfsg-2ubuntu1)
End-Date: 2025-04-04  02:11:17

Start-Date: 2025-04-04  02:11:23
Commandline: apt-get --yes -oDebug::pkgDepCache::AutoInstall=yes install ubuntu-keyring
Upgrade: ubuntu-keyring:arm64 (2020.02.11.2, 2020.02.11.4)
End-Date: 2025-04-04  02:11:23

Start-Date: 2025-04-04  02:11:28
Commandline: apt-get --yes -oDebug::pkgDepCache::AutoInstall=yes --force-yes upgrade
Upgrade: libpam0g:arm64 (1.3.1-5ubuntu4, 1.3.1-5ubuntu4.7), fdisk:arm64 (2.34-0.1ubuntu9, 2.34-0.1ubuntu9.6), perl-base:arm64 (5.30.0-9build1, 5.30.0-9ubuntu0.5), libseccomp2:arm64 (2.4.3-1ubuntu1, 2.5.1-1ubuntu1~20.04.2), libcom-err2:arm64 (1.45.5-2ubuntu1, 1.45.5-2ubuntu1.2), libfdisk1:arm64 (2.34-0.1ubuntu9, 2.34-0.1ubuntu9.6), libpam-modules:arm64 (1.3.1-5ubuntu4, 1.3.1-5ubuntu4.7), libsystemd0:arm64 (245.4-4ubuntu3, 245.4-4ubuntu3.24), gcc-10-base:arm64 (10-20200411-0ubuntu1, 10.5.0-1ubuntu1~20.04), apt:arm64 (2.0.2, 2.0.10), libmount1:arm64 (2.34-0.1ubuntu9, 2.34-0.1ubuntu9.6), e2fsprogs:arm64 (1.45.5-2ubuntu1, 1.45.5-2ubuntu1.2), zlib1g:arm64 (1:1.2.11.dfsg-2ubuntu1, 1:1.2.11.dfsg-2ubuntu1.5), libgmp10:arm64 (2:6.2.0+dfsg-4, 2:6.2.0+dfsg-4ubuntu0.1), libncurses6:arm64 (6.2-0ubuntu2, 6.2-0ubuntu2.1), libc6:arm64 (2.31-0ubuntu9, 2.31-0ubuntu9.17), util-linux:arm64 (2.34-0.1ubuntu9, 2.34-0.1ubuntu9.6), libsepol1:arm64 (3.0-1, 3.0-1ubuntu0.1), passwd:arm64 (1:4.8.1-1ubuntu5, 1:4.8.1-1ubuntu5.20.04.5), procps:arm64 (2:3.3.16-1ubuntu2, 2:3.3.16-1ubuntu2.4), libpam-runtime:arm64 (1.3.1-5ubuntu4, 1.3.1-5ubuntu4.7), libncursesw6:arm64 (6.2-0ubuntu2, 6.2-0ubuntu2.1), libprocps8:arm64 (2:3.3.16-1ubuntu2, 2:3.3.16-1ubuntu2.4), libapt-pkg6.0:arm64 (2.0.2, 2.0.10), libudev1:arm64 (245.4-4ubuntu3, 245.4-4ubuntu3.24), libss2:arm64 (1.45.5-2ubuntu1, 1.45.5-2ubuntu1.2), mount:arm64 (2.34-0.1ubuntu9, 2.34-0.1ubuntu9.6), libext2fs2:arm64 (1.45.5-2ubuntu1, 1.45.5-2ubuntu1.2), libblkid1:arm64 (2.34-0.1ubuntu9, 2.34-0.1ubuntu9.6), dpkg:arm64 (1.19.7ubuntu3, 1.19.7ubuntu3.2), libc-bin:arm64 (2.31-0ubuntu9, 2.31-0ubuntu9.17), libtinfo6:arm64 (6.2-0ubuntu2, 6.2-0ubuntu2.1), libpcre3:arm64 (2:8.39-12build1, 2:8.39-12ubuntu0.1), tar:arm64 (1.30+dfsg-7, 1.30+dfsg-7ubuntu0.20.04.4), libuuid1:arm64 (2.34-0.1ubuntu9, 2.34-0.1ubuntu9.6), libgcrypt20:arm64 (1.8.5-5ubuntu1, 1.8.5-5ubuntu1.1), liblz4-1:arm64 (1.9.2-2, 1.9.2-2ubuntu0.20.04.1), libpcre2-8-0:arm64 (10.34-7, 10.34-7ubuntu0.1), gpgv:arm64 (2.2.19-3ubuntu2, 2.2.19-3ubuntu2.4), libsmartcols1:arm64 (2.34-0.1ubuntu9, 2.34-0.1ubuntu9.6), login:arm64 (1:4.8.1-1ubuntu5, 1:4.8.1-1ubuntu5.20.04.5), libhogweed5:arm64 (3.5.1+really3.5.1-2, 3.5.1+really3.5.1-2ubuntu0.2), ncurses-bin:arm64 (6.2-0ubuntu2, 6.2-0ubuntu2.1), libpam-modules-bin:arm64 (1.3.1-5ubuntu4, 1.3.1-5ubuntu4.7), bsdutils:arm64 (1:2.34-0.1ubuntu9, 1:2.34-0.1ubuntu9.6), libgcc-s1:arm64 (10-20200411-0ubuntu1, 10.5.0-1ubuntu1~20.04), libnettle7:arm64 (3.5.1+really3.5.1-2, 3.5.1+really3.5.1-2ubuntu0.2), ncurses-base:arm64 (6.2-0ubuntu2, 6.2-0ubuntu2.1), bash:arm64 (5.0-6ubuntu1, 5.0-6ubuntu1.2), libgnutls30:arm64 (3.6.13-2ubuntu1, 3.6.13-2ubuntu1.12), libp11-kit0:arm64 (0.23.20-1build1, 0.23.20-1ubuntu0.1), libzstd1:arm64 (1.4.4+dfsg-3, 1.4.4+dfsg-3ubuntu0.1), logsave:arm64 (1.45.5-2ubuntu1, 1.45.5-2ubuntu1.2), gzip:arm64 (1.10-0ubuntu4, 1.10-0ubuntu4.1), libtasn1-6:arm64 (4.16.0-2, 4.16.0-2ubuntu0.1), liblzma5:arm64 (5.2.4-1, 5.2.4-1ubuntu1.1), libstdc++6:arm64 (10-20200411-0ubuntu1, 10.5.0-1ubuntu1~20.04), base-files:arm64 (11ubuntu5, 11ubuntu5.8)
End-Date: 2025-04-04  02:11:36

Start-Date: 2025-04-09  06:56:48
Commandline: apt-get install -y --no-install-recommends curl wget gnupg fontconfig ca-certificates p11-kit tzdata locales
Install: libgssapi3-heimdal:arm64 (7.7.0+dfsg-1ubuntu1.4, automatic), libkrb5-3:arm64 (1.17-6ubuntu4.9, automatic), libgssapi-krb5-2:arm64 (1.17-6ubuntu4.9, automatic), libnghttp2-14:arm64 (1.40.0-1ubuntu0.3, automatic), libwind0-heimdal:arm64 (7.7.0+dfsg-1ubuntu1.4, automatic), gnupg-utils:arm64 (2.2.19-3ubuntu2.4, automatic), libsasl2-modules-db:arm64 (2.1.27+dfsg-2ubuntu0.1, automatic), libcurl4:arm64 (7.68.0-1ubuntu2.25, automatic), gpg-wks-client:arm64 (2.2.19-3ubuntu2.4, automatic), libldap-2.4-2:arm64 (2.4.49+dfsg-2ubuntu1.10, automatic), openssl:arm64 (1.1.1f-1ubuntu2.24, automatic), gnupg-l10n:arm64 (2.2.19-3ubuntu2.4, automatic), libssh-4:arm64 (0.9.3-2ubuntu2.5, automatic), libbrotli1:arm64 (1.0.7-6ubuntu0.1, automatic), libheimntlm0-heimdal:arm64 (7.7.0+dfsg-1ubuntu1.4, automatic), libksba8:arm64 (1.3.5-2ubuntu0.20.04.2, automatic), libpsl5:arm64 (0.21.0-1ubuntu1, automatic), libsqlite3-0:arm64 (3.31.1-4ubuntu0.6, automatic), p11-kit:arm64 (0.23.20-1ubuntu0.1), libheimbase1-heimdal:arm64 (7.7.0+dfsg-1ubuntu1.4, automatic), gpg-wks-server:arm64 (2.2.19-3ubuntu2.4, automatic), gpg:arm64 (2.2.19-3ubuntu2.4, automatic), libk5crypto3:arm64 (1.17-6ubuntu4.9, automatic), locales:arm64 (2.31-0ubuntu9.17), libsasl2-2:arm64 (2.1.27+dfsg-2ubuntu0.1, automatic), readline-common:arm64 (8.0-4, automatic), libassuan0:arm64 (2.5.3-7ubuntu2, automatic), fontconfig-config:arm64 (2.13.1-2ubuntu3, automatic), p11-kit-modules:arm64 (0.23.20-1ubuntu0.1, automatic), libexpat1:arm64 (2.2.9-1ubuntu0.8, automatic), dirmngr:arm64 (2.2.19-3ubuntu2.4, automatic), fontconfig:arm64 (2.13.1-2ubuntu3), librtmp1:arm64 (2.4+20151223.gitfa8646d.1-2build1, automatic), libkrb5support0:arm64 (1.17-6ubuntu4.9, automatic), libldap-common:arm64 (2.4.49+dfsg-2ubuntu1.10, automatic), fonts-dejavu-core:arm64 (2.37-1, automatic), libhcrypto4-heimdal:arm64 (7.7.0+dfsg-1ubuntu1.4, automatic), ucf:arm64 (3.0038+nmu1, automatic), libkeyutils1:arm64 (1.6-6ubuntu1.1, automatic), libfontconfig1:arm64 (2.13.1-2ubuntu3, automatic), libreadline8:arm64 (8.0-4, automatic), libroken18-heimdal:arm64 (7.7.0+dfsg-1ubuntu1.4, automatic), libfreetype6:arm64 (2.10.1-2ubuntu0.4, automatic), ca-certificates:arm64 (20240203~20.04.1), libasn1-8-heimdal:arm64 (7.7.0+dfsg-1ubuntu1.4, automatic), libkrb5-26-heimdal:arm64 (7.7.0+dfsg-1ubuntu1.4, automatic), wget:arm64 (1.20.3-1ubuntu2.1), libssl1.1:arm64 (1.1.1f-1ubuntu2.24, automatic), gnupg:arm64 (2.2.19-3ubuntu2.4), pinentry-curses:arm64 (1.1.0-3build1, automatic), libnpth0:arm64 (1.6-1, automatic), curl:arm64 (7.68.0-1ubuntu2.25), libhx509-5-heimdal:arm64 (7.7.0+dfsg-1ubuntu1.4, automatic), gpg-agent:arm64 (2.2.19-3ubuntu2.4, automatic), gpgconf:arm64 (2.2.19-3ubuntu2.4, automatic), gpgsm:arm64 (2.2.19-3ubuntu2.4, automatic), tzdata:arm64 (2025b-0ubuntu0.20.04), libpng16-16:arm64 (1.6.37-2, automatic)
End-Date: 2025-04-09  06:56:57

Start-Date: 2025-04-23  19:00:53
Commandline: apt-get install -y gnupg2 wget bash tini libc6 libpam-modules krb5-user libnss3 procps net-tools gosu libnss-wrapper
Install: libicu66:arm64 (66.1-2ubuntu2.1, automatic), bind9-host:arm64 (1:9.18.30-0ubuntu0.20.04.2, automatic), libkdb5-9:arm64 (1.17-6ubuntu4.9, automatic), net-tools:arm64 (1.60+git20180626.aebd88e-1ubuntu1), liblmdb0:arm64 (0.9.24-1, automatic), krb5-user:arm64 (1.17-6ubuntu4.9), libuv1:arm64 (1.34.2-1ubuntu1.5, automatic), libkadm5srv-mit11:arm64 (1.17-6ubuntu4.9, automatic), libgssrpc4:arm64 (1.17-6ubuntu4.9, automatic), gosu:arm64 (1.10-1ubuntu0.20.04.2), libnss-wrapper:arm64 (1.1.3-1), krb5-config:arm64 (2.6ubuntu1, automatic), tini:arm64 (0.18.0-1), gnupg2:arm64 (2.2.19-3ubuntu2.4), libxml2:arm64 (2.9.10+dfsg-5ubuntu0.20.04.9, automatic), libmaxminddb0:arm64 (1.4.2-0ubuntu1.20.04.1, automatic), libnss3:arm64 (2:3.98-0ubuntu0.20.04.2), libkadm5clnt-mit11:arm64 (1.17-6ubuntu4.9, automatic), libjson-c4:arm64 (0.13.1+dfsg-7ubuntu0.3, automatic), bind9-libs:arm64 (1:9.18.30-0ubuntu0.20.04.2, automatic), libnspr4:arm64 (2:4.35-0ubuntu0.20.04.1, automatic)
End-Date: 2025-04-23  19:00:56

Start-Date: 2025-04-23  20:36:22
Commandline: apt-get install -y python3 python3-pip
Install: libmpc3:arm64 (1.1.0-1, automatic), manpages:arm64 (5.05-1, automatic), python3-dev:arm64 (3.8.2-0ubuntu2, automatic), binutils-aarch64-linux-gnu:arm64 (2.34-6ubuntu1.11, automatic), python3-distutils:arm64 (3.8.10-0ubuntu1~20.04, automatic), linux-libc-dev:arm64 (5.4.0-214.234, automatic), libpython3.8-dev:arm64 (3.8.10-0ubuntu1~20.04.18, automatic), libmpfr6:arm64 (4.0.2-1, automatic), gcc-9-base:arm64 (9.4.0-1ubuntu1~20.04.2, automatic), libfakeroot:arm64 (1.24-1, automatic), libc6-dev:arm64 (2.31-0ubuntu9.17, automatic), libpython3.8-minimal:arm64 (3.8.10-0ubuntu1~20.04.18, automatic), libctf-nobfd0:arm64 (2.34-6ubuntu1.11, automatic), libexpat1-dev:arm64 (2.2.9-1ubuntu0.8, automatic), cpp-9:arm64 (9.4.0-1ubuntu1~20.04.2, automatic), libalgorithm-diff-perl:arm64 (1.19.03-2, automatic), libalgorithm-merge-perl:arm64 (0.08-3, automatic), binutils:arm64 (2.34-6ubuntu1.11, automatic), cpp:arm64 (4:9.3.0-1ubuntu2, automatic), libitm1:arm64 (10.5.0-1ubuntu1~20.04, automatic), g++:arm64 (4:9.3.0-1ubuntu2, automatic), perl-modules-5.30:arm64 (5.30.0-9ubuntu0.5, automatic), python3-pip:arm64 (20.0.2-5ubuntu1.11), python3-wheel:arm64 (0.34.2-1ubuntu0.1, automatic), netbase:arm64 (6.1, automatic), libpython3.8:arm64 (3.8.10-0ubuntu1~20.04.18, automatic), python3.8:arm64 (3.8.10-0ubuntu1~20.04.18, automatic), gcc:arm64 (4:9.3.0-1ubuntu2, automatic), liblocale-gettext-perl:arm64 (1.07-4, automatic), python3:arm64 (3.8.2-0ubuntu2), mime-support:arm64 (3.64ubuntu1, automatic), zlib1g-dev:arm64 (1:1.2.11.dfsg-2ubuntu1.5, automatic), libasan5:arm64 (9.4.0-1ubuntu1~20.04.2, automatic), libmagic1:arm64 (1:5.38-4, automatic), libmpdec2:arm64 (2.4.2-3, automatic), libisl22:arm64 (0.22.1-1, automatic), libstdc++-9-dev:arm64 (9.4.0-1ubuntu1~20.04.2, automatic), build-essential:arm64 (12.8ubuntu1.1, automatic), libfile-fcntllock-perl:arm64 (0.22-3build4, automatic), libperl5.30:arm64 (5.30.0-9ubuntu0.5, automatic), libcrypt-dev:arm64 (1:4.4.10-10ubuntu4, automatic), python3-minimal:arm64 (3.8.2-0ubuntu2, automatic), libtsan0:arm64 (10.5.0-1ubuntu1~20.04, automatic), libmagic-mgc:arm64 (1:5.38-4, automatic), libubsan1:arm64 (10.5.0-1ubuntu1~20.04, automatic), g++-9:arm64 (9.4.0-1ubuntu1~20.04.2, automatic), libpython3-stdlib:arm64 (3.8.2-0ubuntu2, automatic), make:arm64 (4.2.1-1.2, automatic), python3.8-minimal:arm64 (3.8.10-0ubuntu1~20.04.18, automatic), fakeroot:arm64 (1.24-1, automatic), libgdbm6:arm64 (1.18.1-5, automatic), gcc-9:arm64 (9.4.0-1ubuntu1~20.04.2, automatic), xz-utils:arm64 (5.2.4-1ubuntu1.1, automatic), python3-lib2to3:arm64 (3.8.10-0ubuntu1~20.04, automatic), python3-pkg-resources:arm64 (45.2.0-1ubuntu0.2, automatic), liblsan0:arm64 (10.5.0-1ubuntu1~20.04, automatic), libgomp1:arm64 (10.5.0-1ubuntu1~20.04, automatic), manpages-dev:arm64 (5.05-1, automatic), binutils-common:arm64 (2.34-6ubuntu1.11, automatic), libc-dev-bin:arm64 (2.31-0ubuntu9.17, automatic), file:arm64 (1:5.38-4, automatic), libbinutils:arm64 (2.34-6ubuntu1.11, automatic), libpython3.8-stdlib:arm64 (3.8.10-0ubuntu1~20.04.18, automatic), perl:arm64 (5.30.0-9ubuntu0.5, automatic), python3.8-dev:arm64 (3.8.10-0ubuntu1~20.04.18, automatic), libpython3-dev:arm64 (3.8.2-0ubuntu2, automatic), libatomic1:arm64 (10.5.0-1ubuntu1~20.04, automatic), libcc1-0:arm64 (10.5.0-1ubuntu1~20.04, automatic), libgdbm-compat4:arm64 (1.18.1-5, automatic), libdpkg-perl:arm64 (1.19.7ubuntu3.2, automatic), patch:arm64 (2.7.6-6, automatic), libalgorithm-diff-xs-perl:arm64 (0.04-6, automatic), python-pip-whl:arm64 (20.0.2-5ubuntu1.11, automatic), python3-setuptools:arm64 (45.2.0-1ubuntu0.2, automatic), libctf0:arm64 (2.34-6ubuntu1.11, automatic), libgcc-9-dev:arm64 (9.4.0-1ubuntu1~20.04.2, automatic), dpkg-dev:arm64 (1.19.7ubuntu3.2, automatic)
End-Date: 2025-04-23  20:36:32
